[debug] [2020-05-18T22:15:59.171Z] ----------------------------------------------------------------------
[debug] [2020-05-18T22:15:59.174Z] Command:       /usr/bin/node /usr/bin/firebase serve
[debug] [2020-05-18T22:15:59.174Z] CLI Version:   7.15.0
[debug] [2020-05-18T22:15:59.174Z] Platform:      linux
[debug] [2020-05-18T22:15:59.174Z] Node Version:  v12.16.1
[debug] [2020-05-18T22:15:59.175Z] Time:          Mon May 18 2020 19:15:59 GMT-0300 (GMT-03:00)
[debug] [2020-05-18T22:15:59.175Z] ----------------------------------------------------------------------
[debug] [2020-05-18T22:15:59.175Z] 
[debug] [2020-05-18T22:15:59.184Z] > command requires scopes: ["email","openid","https://www.googleapis.com/auth/cloudplatformprojects.readonly","https://www.googleapis.com/auth/firebase","https://www.googleapis.com/auth/cloud-platform"]
[debug] [2020-05-18T22:15:59.185Z] > authorizing via signed-in user
[debug] [2020-05-18T22:15:59.185Z] [iam] checking project lacteoscf for permissions ["firebase.projects.get"]
[debug] [2020-05-18T22:15:59.187Z] >>> HTTP REQUEST POST https://cloudresourcemanager.googleapis.com/v1/projects/lacteoscf:testIamPermissions  

[debug] [2020-05-18T22:16:00.475Z] <<< HTTP RESPONSE 200
[debug] [2020-05-18T22:16:00.481Z] >>> HTTP REQUEST GET https://firebase.googleapis.com/v1beta1/projects/lacteoscf  
 
[debug] [2020-05-18T22:16:00.904Z] <<< HTTP RESPONSE 200
[info] 
[info] === Serving from '/home/emi/Git/contadora/calc2'...
[info] 
[debug] [2020-05-18T22:16:00.911Z] >>> HTTP REQUEST GET https://firebase.googleapis.com/v1beta1/projects/lacteoscf/webApps/-/config  
 
[debug] [2020-05-18T22:16:02.559Z] <<< HTTP RESPONSE 200
[info] i  hosting: Serving hosting files from: public
[info] ✔  hosting: Local server: http://localhost:5000
